Line 216: Class MSAdodcLib.Adodc of control Adodc1 was not a loaded control class.
Line 262: Class MSDataGridLib.DataGrid of control DataGrid1 was not a loaded control class.
Line 328: Class MSCommLib.MSComm of control MSComm1 was not a loaded control class.
Line 221: The property name _ExtentX in Adodc1 is invalid.
Line 222: The property name _ExtentY in Adodc1 is invalid.
Line 223: The property name ConnectMode in Adodc1 is invalid.
Line 224: The property name CursorLocation in Adodc1 is invalid.
Line 225: The property name IsolationLevel in Adodc1 is invalid.
Line 226: The property name ConnectionTimeout in Adodc1 is invalid.
Line 227: The property name CommandTimeout in Adodc1 is invalid.
Line 228: The property name CursorType in Adodc1 is invalid.
Line 229: The property name LockType in Adodc1 is invalid.
Line 230: The property name CommandType in Adodc1 is invalid.
Line 231: The property name CursorOptions in Adodc1 is invalid.
Line 232: The property name CacheSize in Adodc1 is invalid.
Line 233: The property name MaxRecords in Adodc1 is invalid.
Line 234: The property name BOFAction in Adodc1 is invalid.
Line 235: The property name EOFAction in Adodc1 is invalid.
Line 236: The property name ConnectStringType in Adodc1 is invalid.
Line 240: The property name Orientation in Adodc1 is invalid.
Line 242: The property name Connect in Adodc1 is invalid.
Line 243: The property name OLEDBString in Adodc1 is invalid.
Line 244: The property name OLEDBFile in Adodc1 is invalid.
Line 245: The property name DataSourceName in Adodc1 is invalid.
Line 246: The property name OtherAttributes in Adodc1 is invalid.
Line 247: The property name UserName in Adodc1 is invalid.
Line 248: The property name Password in Adodc1 is invalid.
Line 249: The property name RecordSource in Adodc1 is invalid.
Line 250: The property name Caption in Adodc1 is invalid.
Line 260: The property name _Version in Adodc1 is invalid.
Line 263: The property name Bindings in DataGrid1 is invalid.
Line 269: The property name _ExtentX in DataGrid1 is invalid.
Line 270: The property name _ExtentY in DataGrid1 is invalid.
Line 271: The property name _Version in DataGrid1 is invalid.
Line 272: The property name HeadLines in DataGrid1 is invalid.
Line 273: The property name RowHeight in DataGrid1 is invalid.
Line 282: The property name HeadFont in DataGrid1 is invalid.
Line 292: The property name Caption in DataGrid1 is invalid.
Line 293: The property name ColumnCount in DataGrid1 is invalid.
Line 306: The property name Column00 in DataGrid1 is invalid.
Line 319: The property name Column01 in DataGrid1 is invalid.
Line 320: The property name SplitCount in DataGrid1 is invalid.
Line 326: The property name Split0 in DataGrid1 is invalid.
Line 331: The property name _ExtentX in MSComm1 is invalid.
Line 332: The property name _ExtentY in MSComm1 is invalid.
Line 333: The property name _Version in MSComm1 is invalid.
Line 334: The property name CommPort in MSComm1 is invalid.
Line 335: The property name DTREnable in MSComm1 is invalid.
